Detecting C compiler ABI info failed to compile with the following output:
Change Dir: /mnt/d/Courses/Embedded C++/Embedded C++/G8/C++/Session10/Assignment/Animals/build/CMakeFiles/CMakeTmp

Run Build Command(s):/usr/bin/gmake -f Makefile cmTC_b89d9/fast && /usr/bin/gmake  -f CMakeFiles/cmTC_b89d9.dir/build.make CMakeFiles/cmTC_b89d9.dir/build
gmake[1]: Entering directory '/mnt/d/Courses/Embedded C++/Embedded C++/G8/C++/Session10/Assignment/Animals/build/CMakeFiles/CMakeTmp'
Building C object CMakeFiles/cmTC_b89d9.dir/CMakeCCompilerABI.c.o
/mnt/c/mingw64/bin/gcc.exe   -v -o CMakeFiles/cmTC_b89d9.dir/CMakeCCompilerABI.c.o -c /usr/share/cmake-3.22/Modules/CMakeCCompilerABI.c
Using built-in specs.
COLLECT_GCC=gcc.exe
OFFLOAD_TARGET_NAMES=nvptx-none
Target: x86_64-w64-mingw32
Configured with: ../configure --prefix=/R/winlibs64ucrt_stage/inst_gcc-12.2.0/share/gcc --build=x86_64-w64-mingw32 --host=x86_64-w64-mingw32 --enable-offload-targets=nvptx-none --with-pkgversion='MinGW-W64 x86_64-ucrt-posix-seh, built by Brecht Sanders' --with-tune=generic --enable-checking=release --enable-threads=posix --disable-sjlj-exceptions --disable-libunwind-exceptions --disable-serial-configure --disable-bootstrap --enable-host-shared --enable-plugin --disable-default-ssp --disable-rpath --disable-libstdcxx-debug --disable-version-specific-runtime-libs --with-stabs --disable-symvers --enable-languages=c,c++,fortran,lto,objc,obj-c++,jit --disable-gold --disable-nls --disable-stage1-checking --disable-win32-registry --disable-multilib --enable-ld --enable-libquadmath --enable-libada --enable-libssp --enable-libstdcxx --enable-lto --enable-fully-dynamic-string --enable-libgomp --enable-graphite --enable-mingw-wildcard --enable-libstdcxx-time --enable-libstdcxx-pch --with-mpc=/d/Prog/winlibs64ucrt_stage/custombuilt --with-mpfr=/d/Prog/winlibs64ucrt_stage/custombuilt --with-gmp=/d/Prog/winlibs64ucrt_stage/custombuilt --with-isl=/d/Prog/winlibs64ucrt_stage/custombuilt --enable-libstdcxx-backtrace --enable-install-libiberty --enable-__cxa_atexit --without-included-gettext --with-diagnostics-color=auto --enable-clocale=generic --with-libiconv --with-system-zlib --with-build-sysroot=/R/winlibs64ucrt_stage/gcc-12.2.0/build_mingw/mingw-w64 CFLAGS='-I/d/Prog/winlibs64ucrt_stage/custombuilt/include/libdl-win32 -Wno-int-conversion' CXXFLAGS=-Wno-int-conversion LDFLAGS='-pthread -Wl,--dynamicbase -Wl,--high-entropy-va -Wl,--nxcompat -Wl,--tsaware'
Thread model: posix
Supported LTO compression algorithms: zlib zstd
gcc version 12.2.0 (MinGW-W64 x86_64-ucrt-posix-seh, built by Brecht Sanders) 
COLLECT_GCC_OPTIONS='-v' '-o' 'CMakeFiles/cmTC_b89d9.dir/CMakeCCompilerABI.c.o' '-c' '-mtune=generic' '-march=x86-64' '-dumpdir' 'CMakeFiles/cmTC_b89d9.dir/'
 c:/mingw64/bin/../libexec/gcc/x86_64-w64-mingw32/12.2.0/cc1.exe -quiet -v -iprefix c:\mingw64\bin\../lib/gcc/x86_64-w64-mingw32/12.2.0/ -D_REENTRANT /usr/share/cmake-3.22/Modules/CMakeCCompilerABI.c -quiet -dumpdir CMakeFiles/cmTC_b89d9.dir/ -dumpbase CMakeCCompilerABI.c.c -dumpbase-ext .c -mtune=generic -march=x86-64 -version -o C:\Users\MOHAME~1.RAG\AppData\Local\Temp\ccprMBAX.s
GNU C17 (MinGW-W64 x86_64-ucrt-posix-seh, built by Brecht Sanders) version 12.2.0 (x86_64-w64-mingw32)
	compiled by GNU C version 12.2.0, GMP version 6.2.1, MPFR version 4.2.0, MPC version 1.3.1, isl version isl-0.26-GMP

GGC heuristics: --param ggc-min-expand=100 --param ggc-min-heapsize=131072
ignoring duplicate directory "c:/mingw64/lib/gcc/../../lib/gcc/x86_64-w64-mingw32/12.2.0/include"
ignoring nonexistent directory "R:/winlibs64ucrt_stage/inst_gcc-12.2.0/share/gcc/include"
ignoring nonexistent directory "/R/winlibs64ucrt_stage/inst_gcc-12.2.0/share/gcc/include"
ignoring duplicate directory "c:/mingw64/lib/gcc/../../lib/gcc/x86_64-w64-mingw32/12.2.0/include-fixed"
ignoring duplicate directory "c:/mingw64/lib/gcc/../../lib/gcc/x86_64-w64-mingw32/12.2.0/../../../../x86_64-w64-mingw32/include"
ignoring nonexistent directory "/mingw/include"
#include "..." search starts here:
#include <...> search starts here:
 c:\mingw64\bin\../lib/gcc/x86_64-w64-mingw32/12.2.0/include
 c:\mingw64\bin\../lib/gcc/x86_64-w64-mingw32/12.2.0/../../../../include
 c:\mingw64\bin\../lib/gcc/x86_64-w64-mingw32/12.2.0/include-fixed
 c:\mingw64\bin\../lib/gcc/x86_64-w64-mingw32/12.2.0/../../../../x86_64-w64-mingw32/include
End of search list.
cc1.exe: fatal error: /usr/share/cmake-3.22/Modules/CMakeCCompilerABI.c: No such file or directory
compilation terminated.
gmake[1]: *** [CMakeFiles/cmTC_b89d9.dir/build.make:78: CMakeFiles/cmTC_b89d9.dir/CMakeCCompilerABI.c.o] Error 1
gmake[1]: Leaving directory '/mnt/d/Courses/Embedded C++/Embedded C++/G8/C++/Session10/Assignment/Animals/build/CMakeFiles/CMakeTmp'
gmake: *** [Makefile:127: cmTC_b89d9/fast] Error 2




Determining if the C compiler works failed with the following output:
Change Dir: /mnt/d/Courses/Embedded C++/Embedded C++/G8/C++/Session10/Assignment/Animals/build/CMakeFiles/CMakeTmp

Run Build Command(s):/usr/bin/gmake -f Makefile cmTC_4fb84/fast && /usr/bin/gmake  -f CMakeFiles/cmTC_4fb84.dir/build.make CMakeFiles/cmTC_4fb84.dir/build
gmake[1]: Entering directory '/mnt/d/Courses/Embedded C++/Embedded C++/G8/C++/Session10/Assignment/Animals/build/CMakeFiles/CMakeTmp'
Building C object CMakeFiles/cmTC_4fb84.dir/testCCompiler.c.o
/mnt/c/mingw64/bin/gcc.exe    -o CMakeFiles/cmTC_4fb84.dir/testCCompiler.c.o -c "/mnt/d/Courses/Embedded C++/Embedded C++/G8/C++/Session10/Assignment/Animals/build/CMakeFiles/CMakeTmp/testCCompiler.c"
cc1.exe: fatal error: /mnt/d/Courses/Embedded C++/Embedded C++/G8/C++/Session10/Assignment/Animals/build/CMakeFiles/CMakeTmp/testCCompiler.c: No such file or directory
compilation terminated.
gmake[1]: *** [CMakeFiles/cmTC_4fb84.dir/build.make:78: CMakeFiles/cmTC_4fb84.dir/testCCompiler.c.o] Error 1
gmake[1]: Leaving directory '/mnt/d/Courses/Embedded C++/Embedded C++/G8/C++/Session10/Assignment/Animals/build/CMakeFiles/CMakeTmp'
gmake: *** [Makefile:127: cmTC_4fb84/fast] Error 2



